----Протокол-----10.12.2023 16:25:57----
----Параметры-----
-log: input.txt.log
-out: input.txt.out
-in: input.txt
----Исходные данные-----
Количество символов: 333
Проигнорировано: 0
Количество строк: 24

1 dtfi(){
2 rl;
3 }
4 dtfi(){
5 rl;
6 }
7 dtfi(){
8 rl;
9 }
10 dtfi(){
11 rl;
12 }
13 dtfi(){
15 }
17 m{
18 dti:l;
19 y(lklkl){
21 }u{
23 }
24 }

getByte             : Первое вхождение в таблицу лексем: 3  . Тип: функция   . Тип данных: целочисленный
1                   : Первое вхождение в таблицу лексем: 8  . Тип: литерал   . Тип данных: целочисленный
getTrue             : Первое вхождение в таблицу лексем: 14 . Тип: функция   . Тип данных: логический
true                : Первое вхождение в таблицу лексем: 19 . Тип: литерал   . Тип данных: логический
getSymbol           : Первое вхождение в таблицу лексем: 25 . Тип: функция   . Тип данных: символьный
'1'                 : Первое вхождение в таблицу лексем: 30 . Тип: литерал   . Тип данных: символьный
getText             : Первое вхождение в таблицу лексем: 36 . Тип: функция   . Тип данных: строчный
"Hello, World!"     : Первое вхождение в таблицу лексем: 41 . Тип: литерал   . Тип данных: строчный
processSomething    : Первое вхождение в таблицу лексем: 47 . Тип: функция   . Тип данных: процедура
mainnumber          : Первое вхождение в таблицу лексем: 56 . Тип: переменная. Тип данных: целочисленный
1                   : Первое вхождение в таблицу лексем: 58 . Тип: литерал   . Тип данных: целочисленный
2                   : Первое вхождение в таблицу лексем: 62 . Тип: литерал   . Тип данных: целочисленный
1                   : Первое вхождение в таблицу лексем: 64 . Тип: литерал   . Тип данных: целочисленный
3                   : Первое вхождение в таблицу лексем: 66 . Тип: литерал   . Тип данных: целочисленный

Шаг : Правило             Входная лента                 Стек                

0   : S->dtfi(F){NR}S     dtfi(){rl;}dtfi(){rl;}dtf     S$                  
0   : SAVESTATE:          1                             
0   :                     tfi(){rl;}dtfi(){rl;}dtfi     tfi(F){NR}S$        
1   :                     fi(){rl;}dtfi(){rl;}dtfi(     fi(F){NR}S$         
2   :                     i(){rl;}dtfi(){rl;}dtfi()     i(F){NR}S$          
3   :                     (){rl;}dtfi(){rl;}dtfi(){     (F){NR}S$           
4   :                     ){rl;}dtfi(){rl;}dtfi(){r     F){NR}S$            
5   : F->                 ){rl;}dtfi(){rl;}dtfi(){r     F){NR}S$            
5   : SAVESTATE:          2                             
5   :                     {rl;}dtfi(){rl;}dtfi(){rl     {NR}S$              
6   :                     rl;}dtfi(){rl;}dtfi(){rl;     NR}S$               
7   : N->                 rl;}dtfi(){rl;}dtfi(){rl;     NR}S$               
7   : SAVESTATE:          3                             
7   : R->rl;              rl;}dtfi(){rl;}dtfi(){rl;     R}S$                
7   : SAVESTATE:          4                             
7   :                     l;}dtfi(){rl;}dtfi(){rl;}     l;}S$               
8   :                     ;}dtfi(){rl;}dtfi(){rl;}d     ;}S$                
9   :                     }dtfi(){rl;}dtfi(){rl;}dt     }S$                 
10  :                     dtfi(){rl;}dtfi(){rl;}dtf     S$                  
11  : S->dtfi(F){NR}S     dtfi(){rl;}dtfi(){rl;}dtf     S$                  
11  : SAVESTATE:          5                             
11  :                     tfi(){rl;}dtfi(){rl;}dtfi     tfi(F){NR}S$        
12  :                     fi(){rl;}dtfi(){rl;}dtfi(     fi(F){NR}S$         
13  :                     i(){rl;}dtfi(){rl;}dtfi()     i(F){NR}S$          
14  :                     (){rl;}dtfi(){rl;}dtfi(){     (F){NR}S$           
15  :                     ){rl;}dtfi(){rl;}dtfi(){r     F){NR}S$            
16  : F->                 ){rl;}dtfi(){rl;}dtfi(){r     F){NR}S$            
16  : SAVESTATE:          6                             
16  :                     {rl;}dtfi(){rl;}dtfi(){rl     {NR}S$              
17  :                     rl;}dtfi(){rl;}dtfi(){rl;     NR}S$               
18  : N->                 rl;}dtfi(){rl;}dtfi(){rl;     NR}S$               
18  : SAVESTATE:          7                             
18  : R->rl;              rl;}dtfi(){rl;}dtfi(){rl;     R}S$                
18  : SAVESTATE:          8                             
18  :                     l;}dtfi(){rl;}dtfi(){rl;}     l;}S$               
19  :                     ;}dtfi(){rl;}dtfi(){rl;}d     ;}S$                
20  :                     }dtfi(){rl;}dtfi(){rl;}dt     }S$                 
21  :                     dtfi(){rl;}dtfi(){rl;}dtf     S$                  
22  : S->dtfi(F){NR}S     dtfi(){rl;}dtfi(){rl;}dtf     S$                  
22  : SAVESTATE:          9                             
22  :                     tfi(){rl;}dtfi(){rl;}dtfi     tfi(F){NR}S$        
23  :                     fi(){rl;}dtfi(){rl;}dtfi(     fi(F){NR}S$         
24  :                     i(){rl;}dtfi(){rl;}dtfi()     i(F){NR}S$          
25  :                     (){rl;}dtfi(){rl;}dtfi(){     (F){NR}S$           
26  :                     ){rl;}dtfi(){rl;}dtfi(){}     F){NR}S$            
27  : F->                 ){rl;}dtfi(){rl;}dtfi(){}     F){NR}S$            
27  : SAVESTATE:          10                            
27  :                     {rl;}dtfi(){rl;}dtfi(){}m     {NR}S$              
28  :                     rl;}dtfi(){rl;}dtfi(){}m{     NR}S$               
29  : N->                 rl;}dtfi(){rl;}dtfi(){}m{     NR}S$               
29  : SAVESTATE:          11                            
29  : R->rl;              rl;}dtfi(){rl;}dtfi(){}m{     R}S$                
29  : SAVESTATE:          12                            
29  :                     l;}dtfi(){rl;}dtfi(){}m{d     l;}S$               
30  :                     ;}dtfi(){rl;}dtfi(){}m{dt     ;}S$                
31  :                     }dtfi(){rl;}dtfi(){}m{dti     }S$                 
32  :                     dtfi(){rl;}dtfi(){}m{dti:     S$                  
33  : S->dtfi(F){NR}S     dtfi(){rl;}dtfi(){}m{dti:     S$                  
33  : SAVESTATE:          13                            
33  :                     tfi(){rl;}dtfi(){}m{dti:l     tfi(F){NR}S$        
34  :                     fi(){rl;}dtfi(){}m{dti:l;     fi(F){NR}S$         
35  :                     i(){rl;}dtfi(){}m{dti:l;y     i(F){NR}S$          
36  :                     (){rl;}dtfi(){}m{dti:l;y(     (F){NR}S$           
37  :                     ){rl;}dtfi(){}m{dti:l;y(l     F){NR}S$            
38  : F->                 ){rl;}dtfi(){}m{dti:l;y(l     F){NR}S$            
38  : SAVESTATE:          14                            
38  :                     {rl;}dtfi(){}m{dti:l;y(lk     {NR}S$              
39  :                     rl;}dtfi(){}m{dti:l;y(lkl     NR}S$               
40  : N->                 rl;}dtfi(){}m{dti:l;y(lkl     NR}S$               
40  : SAVESTATE:          15                            
40  : R->rl;              rl;}dtfi(){}m{dti:l;y(lkl     R}S$                
40  : SAVESTATE:          16                            
40  :                     l;}dtfi(){}m{dti:l;y(lklk     l;}S$               
41  :                     ;}dtfi(){}m{dti:l;y(lklkl     ;}S$                
42  :                     }dtfi(){}m{dti:l;y(lklkl)     }S$                 
43  :                     dtfi(){}m{dti:l;y(lklkl){     S$                  
44  : S->dtfi(F){NR}S     dtfi(){}m{dti:l;y(lklkl){     S$                  
44  : SAVESTATE:          17                            
44  :                     tfi(){}m{dti:l;y(lklkl){}     tfi(F){NR}S$        
45  :                     fi(){}m{dti:l;y(lklkl){}u     fi(F){NR}S$         
46  :                     i(){}m{dti:l;y(lklkl){}u{     i(F){NR}S$          
47  :                     (){}m{dti:l;y(lklkl){}u{}     (F){NR}S$           
48  :                     ){}m{dti:l;y(lklkl){}u{}}     F){NR}S$            
49  : F->                 ){}m{dti:l;y(lklkl){}u{}}     F){NR}S$            
49  : SAVESTATE:          18                            
49  :                     {}m{dti:l;y(lklkl){}u{}}      {NR}S$              
50  :                     }m{dti:l;y(lklkl){}u{}}       NR}S$               
51  : N->                 }m{dti:l;y(lklkl){}u{}}       NR}S$               
51  : SAVESTATE:          19                            
51  : R->                 }m{dti:l;y(lklkl){}u{}}       R}S$                
51  : SAVESTATE:          20                            
51  :                     m{dti:l;y(lklkl){}u{}}        S$                  
52  : S->m{N}             m{dti:l;y(lklkl){}u{}}        S$                  
52  : SAVESTATE:          21                            
52  :                     {dti:l;y(lklkl){}u{}}         {N}$                
53  :                     dti:l;y(lklkl){}u{}}          N}$                 
54  : N->                 dti:l;y(lklkl){}u{}}          N}$                 
54  : SAVESTATE:          22                            
54  : TS_NOK/NS_NORULECHAIN
54  : RESTSTATE           
54  : N->dti:E;N          dti:l;y(lklkl){}u{}}          N}$                 
54  : SAVESTATE:          22                            
54  :                     ti:l;y(lklkl){}u{}}           ti:E;N}$            
55  :                     i:l;y(lklkl){}u{}}            i:E;N}$             
56  :                     :l;y(lklkl){}u{}}             :E;N}$              
57  :                     l;y(lklkl){}u{}}              E;N}$               
58  : E->l                l;y(lklkl){}u{}}              E;N}$               
58  : SAVESTATE:          23                            
58  :                     ;y(lklkl){}u{}}               ;N}$                
59  :                     y(lklkl){}u{}}                N}$                 
60  : N->                 y(lklkl){}u{}}                N}$                 
60  : SAVESTATE:          24                            
60  : TS_NOK/NS_NORULECHAIN
60  : RESTSTATE           
60  : N->y(W){N}N         y(lklkl){}u{}}                N}$                 
60  : SAVESTATE:          24                            
60  :                     (lklkl){}u{}}                 (W){N}N}$           
61  :                     lklkl){}u{}}                  W){N}N}$            
62  : W->lT               lklkl){}u{}}                  W){N}N}$            
62  : SAVESTATE:          25                            
62  :                     klkl){}u{}}                   T){N}N}$            
63  : T->ki(P)            klkl){}u{}}                   T){N}N}$            
63  : SAVESTATE:          26                            
63  :                     lkl){}u{}}                    i(P)){N}N}$         
64  : TS_NOK/NS_NORULECHAIN
64  : RESTSTATE           
64  : T->ki               klkl){}u{}}                   T){N}N}$            
64  : SAVESTATE:          26                            
64  :                     lkl){}u{}}                    i){N}N}$            
65  : TS_NOK/NS_NORULECHAIN
65  : RESTSTATE           
65  : T->kl               klkl){}u{}}                   T){N}N}$            
65  : SAVESTATE:          26                            
65  :                     lkl){}u{}}                    l){N}N}$            
66  :                     kl){}u{}}                     ){N}N}$             
67  : TS_NOK/NS_NORULECHAIN
67  : RESTSTATE           
67  : T->                 klkl){}u{}}                   T){N}N}$            
67  : SAVESTATE:          26                            
67  : TS_NOK/NS_NORULECHAIN
67  : RESTSTATE           
67  : TS_NOK/NS_NORULECHAIN
67  : RESTSTATE           
67  : TS_NOK/NS_NORULECHAIN
67  : RESTSTATE           
67  : N->y(W){N}JN        y(lklkl){}u{}}                N}$                 
67  : SAVESTATE:          24                            
67  :                     (lklkl){}u{}}                 (W){N}JN}$          
68  :                     lklkl){}u{}}                  W){N}JN}$           
69  : W->lT               lklkl){}u{}}                  W){N}JN}$           
69  : SAVESTATE:          25                            
69  :                     klkl){}u{}}                   T){N}JN}$           
70  : T->ki(P)            klkl){}u{}}                   T){N}JN}$           
70  : SAVESTATE:          26                            
70  :                     lkl){}u{}}                    i(P)){N}JN}$        
71  : TS_NOK/NS_NORULECHAIN
71  : RESTSTATE           
71  : T->ki               klkl){}u{}}                   T){N}JN}$           
71  : SAVESTATE:          26                            
71  :                     lkl){}u{}}                    i){N}JN}$           
72  : TS_NOK/NS_NORULECHAIN
72  : RESTSTATE           
72  : T->kl               klkl){}u{}}                   T){N}JN}$           
72  : SAVESTATE:          26                            
72  :                     lkl){}u{}}                    l){N}JN}$           
73  :                     kl){}u{}}                     ){N}JN}$            
74  : TS_NOK/NS_NORULECHAIN
74  : RESTSTATE           
74  : T->                 klkl){}u{}}                   T){N}JN}$           
74  : SAVESTATE:          26                            
74  : TS_NOK/NS_NORULECHAIN
74  : RESTSTATE           
74  : TS_NOK/NS_NORULECHAIN
74  : RESTSTATE           
74  : TS_NOK/NS_NORULECHAIN
74  : RESTSTATE           
74  : TS_NOK/NS_NORULECHAIN
74  : RESTSTATE           
74  : TS_NOK/NS_NORULECHAIN
74  : RESTSTATE           
74  : TS_NOK/NS_NORULECHAIN
74  : RESTSTATE           
74  : S->                 m{dti:l;y(lklkl){}u{}}        S$                  
74  : SAVESTATE:          21                            
74  : TS_NOK/NS_NORULECHAIN
74  : RESTSTATE           
74  : TS_NOK/NS_NORULECHAIN
74  : RESTSTATE           
74  : TS_NOK/NS_NORULECHAIN
74  : RESTSTATE           
74  : TS_NOK/NS_NORULECHAIN
74  : RESTSTATE           
74  : TS_NOK/NS_NORULECHAIN
74  : RESTSTATE           
74  : S->                 dtfi(){}m{dti:l;y(lklkl){     S$                  
74  : SAVESTATE:          17                            
74  : TS_NOK/NS_NORULECHAIN
74  : RESTSTATE           
74  : TS_NOK/NS_NORULECHAIN
74  : RESTSTATE           
74  : R->                 rl;}dtfi(){}m{dti:l;y(lkl     R}S$                
74  : SAVESTATE:          16                            
74  : TS_NOK/NS_NORULECHAIN
74  : RESTSTATE           
74  : TS_NOK/NS_NORULECHAIN
74  : RESTSTATE           
74  : TS_NOK/NS_NORULECHAIN
74  : RESTSTATE           
74  : TS_NOK/NS_NORULECHAIN
74  : RESTSTATE           
74  : S->                 dtfi(){rl;}dtfi(){}m{dti:     S$                  
74  : SAVESTATE:          13                            
74  : TS_NOK/NS_NORULECHAIN
74  : RESTSTATE           
74  : TS_NOK/NS_NORULECHAIN
74  : RESTSTATE           
74  : R->                 rl;}dtfi(){rl;}dtfi(){}m{     R}S$                
74  : SAVESTATE:          12                            
74  : TS_NOK/NS_NORULECHAIN
74  : RESTSTATE           
74  : TS_NOK/NS_NORULECHAIN
74  : RESTSTATE           
74  : TS_NOK/NS_NORULECHAIN
74  : RESTSTATE           
74  : TS_NOK/NS_NORULECHAIN
74  : RESTSTATE           
74  : S->                 dtfi(){rl;}dtfi(){rl;}dtf     S$                  
74  : SAVESTATE:          9                             
74  : TS_NOK/NS_NORULECHAIN
74  : RESTSTATE           
74  : TS_NOK/NS_NORULECHAIN
74  : RESTSTATE           
74  : R->                 rl;}dtfi(){rl;}dtfi(){rl;     R}S$                
74  : SAVESTATE:          8                             
74  : TS_NOK/NS_NORULECHAIN
74  : RESTSTATE           
74  : TS_NOK/NS_NORULECHAIN
74  : RESTSTATE           
74  : TS_NOK/NS_NORULECHAIN
74  : RESTSTATE           
74  : TS_NOK/NS_NORULECHAIN
74  : RESTSTATE           
74  : S->                 dtfi(){rl;}dtfi(){rl;}dtf     S$                  
74  : SAVESTATE:          5                             
74  : TS_NOK/NS_NORULECHAIN
74  : RESTSTATE           
74  : TS_NOK/NS_NORULECHAIN
74  : RESTSTATE           
74  : R->                 rl;}dtfi(){rl;}dtfi(){rl;     R}S$                
74  : SAVESTATE:          4                             
74  : TS_NOK/NS_NORULECHAIN
74  : RESTSTATE           
74  : TS_NOK/NS_NORULECHAIN
74  : RESTSTATE           
74  : TS_NOK/NS_NORULECHAIN
74  : RESTSTATE           
74  : TS_NOK/NS_NORULECHAIN
74  : RESTSTATE           
74  : S->                 dtfi(){rl;}dtfi(){rl;}dtf     S$                  
74  : SAVESTATE:          1                             
74  : TS_NOK/NS_NORULECHAIN
74  : RESTSTATE           
74  : ------>NO_RULE      
-------------------------------------------------------------------------------------
-610: строка 19,Неопределённая ошибка
-610: строка 19,Неопределённая ошибка
609: строка 19,

Синтаксический анализ завершен с ошибкой