  Error.cpp
  FST.cpp
D:\Labs\KPO\course work\Compiler-GVK-2023\GVK_2023\GVK_2023\FST.cpp(62,26): warning C4267: инициализация: преобразование из "size_t" в "unsigned short"; возможна потеря данных
D:\Labs\KPO\course work\Compiler-GVK-2023\GVK_2023\GVK_2023\FST.cpp(86,21): warning C4018: <: несоответствие типов со знаком и без знака
D:\Labs\KPO\course work\Compiler-GVK-2023\GVK_2023\GVK_2023\FST.cpp(127,21): warning C4018: <: несоответствие типов со знаком и без знака
D:\Labs\KPO\course work\Compiler-GVK-2023\GVK_2023\GVK_2023\FST.cpp(165,21): warning C4018: <: несоответствие типов со знаком и без знака
D:\Labs\KPO\course work\Compiler-GVK-2023\GVK_2023\GVK_2023\FST.cpp(166,22): warning C4018: <: несоответствие типов со знаком и без знака
D:\Labs\KPO\course work\Compiler-GVK-2023\GVK_2023\GVK_2023\FST.cpp(221,25): warning C4018: <: несоответствие типов со знаком и без знака
D:\Labs\KPO\course work\Compiler-GVK-2023\GVK_2023\GVK_2023\FST.cpp(229,26): warning C4018: <: несоответствие типов со знаком и без знака
D:\Labs\KPO\course work\Compiler-GVK-2023\GVK_2023\GVK_2023\FST.cpp(356,36): warning C4018: >: несоответствие типов со знаком и без знака
D:\Labs\KPO\course work\Compiler-GVK-2023\GVK_2023\GVK_2023\FST.cpp(367,25): warning C4018: <: несоответствие типов со знаком и без знака
  GRB.cpp
  GVK_2023.cpp
D:\Labs\KPO\course work\Compiler-GVK-2023\GVK_2023\GVK_2023\MFST.h(74,3): error C2653: Log: не является именем класса или пространства имен
D:\Labs\KPO\course work\Compiler-GVK-2023\GVK_2023\GVK_2023\MFST.h(74,12): error C3646: log: неизвестный спецификатор переопределения
D:\Labs\KPO\course work\Compiler-GVK-2023\GVK_2023\GVK_2023\MFST.h(74,15): error C4430: отсутствует спецификатор типа - предполагается int. Примечание. C++ не поддерживает int по умолчанию
D:\Labs\KPO\course work\Compiler-GVK-2023\GVK_2023\GVK_2023\MFST.h(83,4): error C2653: Log: не является именем класса или пространства имен
D:\Labs\KPO\course work\Compiler-GVK-2023\GVK_2023\GVK_2023\MFST.h(83,9): error C2061: синтаксическая ошибка: идентификатор "LOG"
D:\Labs\KPO\course work\Compiler-GVK-2023\GVK_2023\GVK_2023\GVK_2023.cpp(25,18): error C2661: MFST::Mfst::Mfst: нет перегруженной функции, принимающей 3 аргументов
D:\Labs\KPO\course work\Compiler-GVK-2023\GVK_2023\GVK_2023\GVK_2023.cpp(25,18): message : при попытке сопоставить список аргументов "(LEX, GRB::Greibach, Log::LOG)"
  IT.cpp
  Log.cpp
D:\Labs\KPO\course work\Compiler-GVK-2023\GVK_2023\GVK_2023\MFST.h(74,3): error C2653: Log: не является именем класса или пространства имен
D:\Labs\KPO\course work\Compiler-GVK-2023\GVK_2023\GVK_2023\MFST.h(74,12): error C3646: log: неизвестный спецификатор переопределения
D:\Labs\KPO\course work\Compiler-GVK-2023\GVK_2023\GVK_2023\MFST.h(74,15): error C4430: отсутствует спецификатор типа - предполагается int. Примечание. C++ не поддерживает int по умолчанию
D:\Labs\KPO\course work\Compiler-GVK-2023\GVK_2023\GVK_2023\MFST.h(83,4): error C2653: Log: не является именем класса или пространства имен
D:\Labs\KPO\course work\Compiler-GVK-2023\GVK_2023\GVK_2023\MFST.h(83,9): error C2061: синтаксическая ошибка: идентификатор "LOG"
  LT.cpp
  MFST.cpp
D:\Labs\KPO\course work\Compiler-GVK-2023\GVK_2023\GVK_2023\MFST.cpp(273,30): warning C4018: <: несоответствие типов со знаком и без знака
  Parm.cpp
D:\Labs\KPO\course work\Compiler-GVK-2023\GVK_2023\GVK_2023\MFST.h(74,3): error C2653: Log: не является именем класса или пространства имен
D:\Labs\KPO\course work\Compiler-GVK-2023\GVK_2023\GVK_2023\MFST.h(74,12): error C3646: log: неизвестный спецификатор переопределения
D:\Labs\KPO\course work\Compiler-GVK-2023\GVK_2023\GVK_2023\MFST.h(74,15): error C4430: отсутствует спецификатор типа - предполагается int. Примечание. C++ не поддерживает int по умолчанию
D:\Labs\KPO\course work\Compiler-GVK-2023\GVK_2023\GVK_2023\MFST.h(83,4): error C2653: Log: не является именем класса или пространства имен
D:\Labs\KPO\course work\Compiler-GVK-2023\GVK_2023\GVK_2023\MFST.h(83,9): error C2061: синтаксическая ошибка: идентификатор "LOG"
